<?xml version="1.0" encoding="utf-8"?><testsuites name="pytest tests"><testsuite name="pytest" errors="0" failures="0" skipped="0" tests="278" time="83.447" timestamp="2026-09-06T22:33:38.171828+07:00" hostname="LAPTOP-E0LBE5GM"><testcase classname="tests.test_api.TestAPI" name="test_active_roll_discovery_is_authoritative" time="0.015" /><testcase classname="tests.test_api.TestAPI" name="test_ai_overlay_fills_predicted_regions" time="0.013" /><testcase classname="tests.test_api.TestAPI" name="test_api_key_guard_fails_closed" time="0.844" /><testcase classname="tests.test_api.TestAPI" name="test_audit_finalization_failure_requests_fail_closed_latch" time="0.030" /><testcase classname="tests.test_api.TestAPI" name="test_chunked_request_body_is_limited_before_form_parsing" time="0.013" /><testcase classname="tests.test_api.TestAPI" name="test_classification_csv_parses_published_flags_only" time="0.003" /><testcase classname="tests.test_api.TestAPI" name="test_confidence_requires_bbox_overlap" time="0.002" /><testcase classname="tests.test_api.TestAPI" name="test_control_retry_is_idempotent" time="0.039" /><testcase classname="tests.test_api.TestAPI" name="test_corrupt_named_sample_returns_http_error_not_name_error" time="0.001" /><testcase classname="tests.test_api.TestAPI" name="test_dataset_catalog_disk_cache_reloads_without_full_rebuild" time="0.031" /><testcase classname="tests.test_api.TestAPI" name="test_dataset_catalog_is_bounded_and_metadata_only" time="0.026" /><testcase classname="tests.test_api.TestAPI" name="test_dataset_preview_is_hash_verified_jpeg" time="0.204" /><testcase classname="tests.test_api.TestAPI" name="test_demo_samples_are_hidden_when_simulation_is_disabled" time="0.015" /><testcase classname="tests.test_api.TestAPI" name="test_dispatch_exception_is_audited_and_latches_failure" time="0.030" /><testcase classname="tests.test_api.TestAPI" name="test_expired_snapshot_blocks_reset" time="0.049" /><testcase classname="tests.test_api.TestAPI" name="test_health" time="0.010" /><testcase classname="tests.test_api.TestAPI" name="test_identifier_validation_rejects_log_and_path_metacharacters" time="0.012" /><testcase classname="tests.test_api.TestAPI" name="test_image_header_bomb_is_rejected_before_decode" time="0.015" /><testcase classname="tests.test_api.TestAPI" name="test_industrial_state" time="0.011" /><testcase classname="tests.test_api.TestAPI" name="test_inference_reset_does_not_report_a_plc_ack" time="0.002" /><testcase classname="tests.test_api.TestAPI" name="test_inspect_attributed_real_sample_stays_fail_closed" time="0.242" /><testcase classname="tests.test_api.TestAPI" name="test_inspect_camera_sim" time="0.403" /><testcase classname="tests.test_api.TestAPI" name="test_inspect_defaults_to_active_batch" time="0.398" /><testcase classname="tests.test_api.TestAPI" name="test_inspect_persists_published_classes_for_demo_sample" time="0.195" /><testcase classname="tests.test_api.TestAPI" name="test_inspect_rejects_non_active_batch" time="0.015" /><testcase classname="tests.test_api.TestAPI" name="test_inspect_upload" time="0.270" /><testcase classname="tests.test_api.TestAPI" name="test_latency_metrics" time="0.013" /><testcase classname="tests.test_api.TestAPI" name="test_legacy_control_routes_are_disabled" time="0.032" /><testcase classname="tests.test_api.TestAPI" name="test_libad_demo_case_four_is_hold" time="1.304" /><testcase classname="tests.test_api.TestAPI" name="test_libad_demo_hidden_when_simulation_is_disabled" time="0.011" /><testcase classname="tests.test_api.TestAPI" name="test_libad_protocol_discloses_validation_extension" time="3.846" /><testcase classname="tests.test_api.TestAPI" name="test_list_samples" time="0.015" /><testcase classname="tests.test_api.TestAPI" name="test_operations_control_estop_is_audited_and_simulated" time="0.094" /><testcase classname="tests.test_api.TestAPI" name="test_operations_control_rejects_wrong_confirmation_without_dispatch" time="0.036" /><testcase classname="tests.test_api.TestAPI" name="test_operations_snapshot_is_self_contained" time="0.028" /><testcase classname="tests.test_api.TestAPI" name="test_operations_snapshot_live_scope_omits_catalog_and_certificate" time="0.020" /><testcase classname="tests.test_api.TestAPI" name="test_operations_snapshot_rejects_unknown_scope" time="0.007" /><testcase classname="tests.test_api.TestAPI" name="test_production_control_binds_operator_identity_to_token" time="0.022" /><testcase classname="tests.test_api.TestAPI" name="test_published_mask_renders_heatmap_without_claiming_model_confidence" time="0.005" /><testcase classname="tests.test_api.TestAPI" name="test_required_artifact_failure_is_persisted_fail_closed" time="0.368" /><testcase classname="tests.test_api.TestAPI" name="test_reset_rejects_fabricated_snapshot" time="0.020" /><testcase classname="tests.test_api.TestAPI" name="test_simulated_inspections_advance_roll_motion" time="0.373" /><testcase classname="tests.test_api.TestAPI" name="test_spc_passport_and_slitting_yield" time="0.021" /><testcase classname="tests.test_api.TestAPI" name="test_unknown_roll_never_returns_active_roll_data" time="0.009" /><testcase classname="tests.test_api.TestAPI" name="test_upload_rejects_wrong_media_type" time="0.012" /><testcase classname="tests.test_ci_junit.TestCiJunit" name="test_artifact_gated_skip_is_allowed" time="0.004" /><testcase classname="tests.test_ci_junit.TestCiJunit" name="test_ci_workflow_allows_artifact_gated_skips" time="0.002" /><testcase classname="tests.test_ci_junit.TestCiJunit" name="test_failures_are_counted" time="0.003" /><testcase classname="tests.test_ci_junit.TestCiJunit" name="test_unexplained_skip_is_rejected" time="0.003" /><testcase classname="tests.test_coatingvision_grouping.TestCoatingVisionGrouping" name="test_calibration_contract_stays_unverified" time="0.003" /><testcase classname="tests.test_coatingvision_grouping.TestCoatingVisionGrouping" name="test_public_metadata_has_no_factory_roll_keys" time="0.003" /><testcase classname="tests.test_coatingvision_grouping.TestCoatingVisionGrouping" name="test_published_metrics_refuse_factory_roll_disjoint" time="0.002" /><testcase classname="tests.test_coatingvision_manifest_regenerator.TestCoatingVisionManifestRegenerator" name="test_regenerate_matches_shipped_schema_and_validates" time="0.502" /><testcase classname="tests.test_coatingvision_manifest_regenerator.TestCoatingVisionManifestRegenerator" name="test_script_does_not_emit_legacy_stub_names" time="0.002" /><testcase classname="tests.test_dashboard_api_client.TestInspectionApiClient" name="test_dataset_catalog_sends_bounded_page" time="0.002" /><testcase classname="tests.test_dashboard_api_client.TestInspectionApiClient" name="test_dataset_catalog_sends_class_flag_filter" time="0.003" /><testcase classname="tests.test_dashboard_api_client.TestInspectionApiClient" name="test_dataset_evidence_fetches_mixed_views" time="0.003" /><testcase classname="tests.test_dashboard_api_client.TestInspectionApiClient" name="test_dataset_image_is_bounded_and_basename_checked" time="0.003" /><testcase classname="tests.test_dashboard_api_client.TestInspectionApiClient" name="test_dataset_images_rejects_path_escape" time="0.002" /><testcase classname="tests.test_dashboard_api_client.TestInspectionApiClient" name="test_degraded_health_is_authoritative_not_offline_fallback" time="0.003" /><testcase classname="tests.test_dashboard_api_client.TestInspectionApiClient" name="test_get_sends_api_key_and_decodes_object" time="0.002" /><testcase classname="tests.test_dashboard_api_client.TestInspectionApiClient" name="test_http_errors_are_not_hidden" time="0.001" /><testcase classname="tests.test_dashboard_api_client.TestInspectionApiClient" name="test_inspection_image_is_bounded_and_type_checked" time="0.003" /><testcase classname="tests.test_dashboard_api_client.TestInspectionApiClient" name="test_inspection_image_rejects_oversized_response" time="0.002" /><testcase classname="tests.test_dashboard_api_client.TestInspectionApiClient" name="test_inspection_image_rejects_unknown_view" time="0.001" /><testcase classname="tests.test_dashboard_api_client.TestInspectionApiClient" name="test_inspection_images_fetches_views_in_one_map" time="0.003" /><testcase classname="tests.test_dashboard_api_client.TestInspectionApiClient" name="test_libad_demo_rejects_unknown_case_without_request" time="0.002" /><testcase classname="tests.test_dashboard_api_client.TestInspectionApiClient" name="test_libad_demo_uses_authoritative_api" time="0.003" /><testcase classname="tests.test_dashboard_api_client.TestInspectionApiClient" name="test_libad_sample_image_rejects_path_and_unknown_view" time="0.002" /><testcase classname="tests.test_dashboard_api_client.TestInspectionApiClient" name="test_non_object_json_is_rejected" time="0.001" /><testcase classname="tests.test_dashboard_api_client.TestInspectionApiClient" name="test_operations_control_posts_confirmation_fields" time="0.001" /><testcase classname="tests.test_dashboard_api_client.TestInspectionApiClient" name="test_operations_control_requires_idempotency_key" time="0.001" /><testcase classname="tests.test_dashboard_api_client.TestInspectionApiClient" name="test_operations_snapshot_live_refresh_can_use_short_timeout" time="0.001" /><testcase classname="tests.test_dashboard_api_client.TestInspectionApiClient" name="test_operations_snapshot_rejects_unknown_scope" time="0.001" /><testcase classname="tests.test_dashboard_api_client.TestInspectionApiClient" name="test_operations_snapshot_sends_bounded_limit" time="0.003" /><testcase classname="tests.test_dashboard_app.TestDashboardApp" name="test_dashboard_renders_without_exceptions_in_explicit_sandbox" time="6.958" /><testcase classname="tests.test_dashboard_app.TestDashboardApp" name="test_production_console_refreshes_authoritative_snapshot" time="0.002" /><testcase classname="tests.test_dashboard_app.TestDashboardApp" name="test_production_dashboard_renders_operate_diagnose_traceability" time="0.557" /><testcase classname="tests.test_dashboard_app.TestDashboardApp" name="test_production_dashboard_stops_without_local_stateful_fallback" time="8.426" /><testcase classname="tests.test_defense_gifs.TestDefenseGifs" name="test_captions_stay_honest" time="0.332" /><testcase classname="tests.test_defense_gifs.TestDefenseGifs" name="test_gifs_are_looping_gif89a" time="0.005" /><testcase classname="tests.test_download_libad.TestDownloadLibad" name="test_cleanup_removes_archives_after_extract" time="0.004" /><testcase classname="tests.test_download_libad.TestDownloadLibad" name="test_download_one_retries_transient_failures" time="0.003" /><testcase classname="tests.test_download_libad.TestDownloadLibad" name="test_download_without_license_is_refused" time="0.003" /><testcase classname="tests.test_download_libad.TestDownloadLibad" name="test_extracts_official_zip_layout" time="0.013" /><testcase classname="tests.test_download_libad.TestDownloadLibad" name="test_headroom_refuses_when_disk_is_too_small" time="0.003" /><testcase classname="tests.test_download_libad.TestDownloadLibad" name="test_probe_maps_gated_access_to_exit_2" time="0.003" /><testcase classname="tests.test_download_libad.TestDownloadLibad" name="test_status_only_does_not_download" time="0.002" /><testcase classname="tests.test_electrode_metrology.TestElectrodeMetrology" name="test_delamination_zero_tolerance" time="0.002" /><testcase classname="tests.test_electrode_metrology.TestElectrodeMetrology" name="test_full_segmentation_with_baseline_leveling" time="0.003" /><testcase classname="tests.test_electrode_metrology.TestElectrodeMetrology" name="test_protrusion_risk_scoring" time="0.001" /><testcase classname="tests.test_electrode_metrology.TestElectrodeMetrology" name="test_rotated_geometry_rectangle" time="0.001" /><testcase classname="tests.test_evaluation_integrity.TestEvaluationIntegrity" name="test_analysis_report_does_not_cite_stale_fixture_metrics" time="0.003" /><testcase classname="tests.test_evaluation_integrity.TestEvaluationIntegrity" name="test_box_and_mask_metrics_use_the_same_instance_pair" time="0.002" /><testcase classname="tests.test_evaluation_integrity.TestEvaluationIntegrity" name="test_checked_in_synthetic_evaluation_report_is_honest" time="0.003" /><testcase classname="tests.test_evaluation_integrity.TestEvaluationIntegrity" name="test_detection_manifest_rejects_invalid_yolo_coordinate" time="0.016" /><testcase classname="tests.test_evaluation_integrity.TestEvaluationIntegrity" name="test_detection_manifest_rejects_split_overlap" time="0.014" /><testcase classname="tests.test_evaluation_integrity.TestEvaluationIntegrity" name="test_detection_manifest_validates_complete_disjoint_tree" time="0.026" /><testcase classname="tests.test_evaluation_integrity.TestEvaluationIntegrity" name="test_evaluation_label_parser_rejects_invalid_class_and_coordinates" time="0.006" /><testcase classname="tests.test_evaluation_integrity.TestEvaluationIntegrity" name="test_evaluation_manifest_rejects_changed_label" time="0.011" /><testcase classname="tests.test_evaluation_integrity.TestEvaluationIntegrity" name="test_hash_overlap_is_rejected_even_when_filename_changes" time="0.009" /><testcase classname="tests.test_evaluation_integrity.TestEvaluationIntegrity" name="test_instance_metric_rejects_class_wide_mask_fallback" time="0.001" /><testcase classname="tests.test_evaluation_integrity.TestEvaluationIntegrity" name="test_legacy_dataset_manifest_is_superseded_and_not_packed" time="0.002" /><testcase classname="tests.test_evaluation_integrity.TestEvaluationIntegrity" name="test_manifest_rejects_roll_overlap" time="0.011" /><testcase classname="tests.test_evaluation_integrity.TestEvaluationIntegrity" name="test_manifest_test_split_must_match_evaluation_images" time="0.007" /><testcase classname="tests.test_evaluation_integrity.TestEvaluationIntegrity" name="test_mask_iou_failures_count_as_false_negatives" time="0.001" /><testcase classname="tests.test_evaluation_integrity.TestEvaluationIntegrity" name="test_missing_reference_dataset_fails_leakage_audit" time="0.003" /><testcase classname="tests.test_evaluation_integrity.TestEvaluationIntegrity" name="test_synthetic_manifest_builder_is_self_contained" time="0.230" /><testcase classname="tests.test_failsafe.TestFailSafe" name="test_dead_frame_detection" time="0.003" /><testcase classname="tests.test_failsafe.TestFailSafe" name="test_failsafe_degradation" time="0.002" /><testcase classname="tests.test_failsafe.TestFailSafe" name="test_failsafe_initialization" time="0.002" /><testcase classname="tests.test_hardware_profile.TestHardwareProfile" name="test_auto_cpu_selects_edge" time="0.003" /><testcase classname="tests.test_hardware_profile.TestHardwareProfile" name="test_auto_large_gpu_selects_performance" time="0.003" /><testcase classname="tests.test_hardware_profile.TestHardwareProfile" name="test_auto_small_gpu_selects_balanced" time="0.003" /><testcase classname="tests.test_hardware_profile.TestHardwareProfile" name="test_explicit_gpu_profile_falls_back_truthfully" time="0.005" /><testcase classname="tests.test_hardware_profile.TestHardwareProfile" name="test_invalid_profile_is_rejected" time="0.005" /><testcase classname="tests.test_hardware_profile.TestHardwareProfile" name="test_legacy_cpu_override_wins" time="0.005" /><testcase classname="tests.test_hardware_profile.TestHardwareProfile" name="test_tensor_rt_is_first_when_provider_is_really_available" time="0.003" /><testcase classname="tests.test_industrial_env_overrides.TestIndustrialEnvOverrides" name="test_default_yaml_stays_simulated_without_env" time="0.001" /><testcase classname="tests.test_industrial_env_overrides.TestIndustrialEnvOverrides" name="test_live_trigger_script_does_not_claim_vendor_hil" time="0.002" /><testcase classname="tests.test_industrial_env_overrides.TestIndustrialEnvOverrides" name="test_loopback_env_points_at_localhost_modbus" time="0.002" /><testcase classname="tests.test_latency_budget.TestLatencyBudget" name="test_latency_budget_percentiles_and_guardband" time="0.007" /><testcase classname="tests.test_libad_demo_cases.TestLibadDemoCases" name="test_case_four_holds_when_the_descriptor_skips_the_uncertainty_band" time="0.002" /><testcase classname="tests.test_libad_demo_cases.TestLibadDemoCases" name="test_certificate_signature_covers_source_diff_provenance" time="1.281" /><testcase classname="tests.test_libad_demo_cases.TestLibadDemoCases" name="test_default_development_certificate_key_is_stable_within_process" time="0.004" /><testcase classname="tests.test_libad_demo_cases.TestLibadDemoCases" name="test_four_cases_match_the_stage_script" time="1.820" /><testcase classname="tests.test_libad_demo_cases.TestLibadDemoCases" name="test_public_title_is_the_registered_finalist_title_plus_tagline" time="1.204" /><testcase classname="tests.test_libad_evaluate.TestLibadEvaluate" name="test_all_ten_splits_require_matching_tree_hash_manifest" time="0.134" /><testcase classname="tests.test_libad_evaluate.TestLibadEvaluate" name="test_official_csv_split_uses_sample_key" time="0.003" /><testcase classname="tests.test_libad_evaluate.TestLibadEvaluate" name="test_official_inputs_still_do_not_claim_paper_comparability" time="0.040" /><testcase classname="tests.test_libad_evaluate.TestLibadEvaluate" name="test_overlapping_official_split_ids_fail_closed" time="0.011" /><testcase classname="tests.test_libad_evaluate.TestLibadEvaluate" name="test_refuses_a_non_official_seed" time="0.001" /><testcase classname="tests.test_libad_evaluate.TestLibadEvaluate" name="test_structured_inputs_evaluate_without_claiming_paper_numbers" time="0.466" /><testcase classname="tests.test_libad_evaluate.TestLibadEvaluate" name="test_ten_official_seeds_and_four_experiments" time="5.577" /><testcase classname="tests.test_libad_evidence_gate.TestLibadEvidenceGate" name="test_classify_is_one_sided_around_the_normal_reference" time="0.002" /><testcase classname="tests.test_libad_evidence_gate.TestLibadEvidenceGate" name="test_internal_xray_anomaly_rejects_when_vis_is_normal" time="0.002" /><testcase classname="tests.test_libad_evidence_gate.TestLibadEvidenceGate" name="test_missing_modality_holds" time="0.002" /><testcase classname="tests.test_libad_evidence_gate.TestLibadEvidenceGate" name="test_near_threshold_disagreement_holds" time="0.002" /><testcase classname="tests.test_libad_evidence_gate.TestLibadEvidenceGate" name="test_normal_agreement_passes" time="0.001" /><testcase classname="tests.test_libad_evidence_gate.TestLibadEvidenceGate" name="test_plc_ack_failure_holds" time="0.001" /><testcase classname="tests.test_libad_evidence_gate.TestLibadEvidenceGate" name="test_stale_sensor_holds" time="0.002" /><testcase classname="tests.test_libad_evidence_gate.TestLibadEvidenceGate" name="test_surface_defect_rejects_even_if_xray_is_quiet" time="0.002" /><testcase classname="tests.test_libad_evidence_gate.TestLibadEvidenceGate" name="test_traceability_failure_holds" time="0.001" /><testcase classname="tests.test_libad_evidence_gate.TestLibadEvidenceGate" name="test_unverified_calibration_holds" time="0.002" /><testcase classname="tests.test_libad_features.TestLibadFeatures" name="test_empty_stack_keeps_descriptor_width" time="0.001" /><testcase classname="tests.test_libad_features.TestLibadFeatures" name="test_patch_matrix_is_normalized_20d" time="0.025" /><testcase classname="tests.test_libad_features.TestLibadFeatures" name="test_scratch_changes_orientation_bins" time="0.028" /><testcase classname="tests.test_libad_memory.TestLibadMemory" name="test_anomaly_image_scores_higher_than_a_matched_normal" time="0.062" /><testcase classname="tests.test_libad_memory.TestLibadMemory" name="test_coreset_is_smaller_than_the_candidate_set" time="0.004" /><testcase classname="tests.test_libad_memory.TestLibadMemory" name="test_da_core_is_attributed_to_the_paper_authors" time="0.001" /><testcase classname="tests.test_libad_memory.TestLibadMemory" name="test_small_bank_respects_min_count_floor" time="0.003" /><testcase classname="tests.test_libad_metrics.TestLibadMetrics" name="test_hold_is_excluded_from_selective_risk" time="0.002" /><testcase classname="tests.test_libad_metrics.TestLibadMetrics" name="test_industrial_formulas_match_the_operational_definitions" time="0.001" /><testcase classname="tests.test_libad_metrics.TestLibadMetrics" name="test_perfect_ranking_has_unit_auroc" time="0.002" /><testcase classname="tests.test_libad_official_baseline.TestLibadOfficialBaseline" name="test_aggregate_and_report_mark_tiny_as_not_paper_comparable" time="0.005" /><testcase classname="tests.test_libad_official_baseline.TestLibadOfficialBaseline" name="test_aggregate_purpose_names_dinov2_honestly" time="0.004" /><testcase classname="tests.test_libad_official_baseline.TestLibadOfficialBaseline" name="test_append_harness_ledger_row_roundtrip" time="0.005" /><testcase classname="tests.test_libad_official_baseline.TestLibadOfficialBaseline" name="test_build_run_command_points_at_local_libad_paths" time="0.002" /><testcase classname="tests.test_libad_official_baseline.TestLibadOfficialBaseline" name="test_build_run_command_supports_dinov2_interim" time="0.002" /><testcase classname="tests.test_libad_official_baseline.TestLibadOfficialBaseline" name="test_empty_modalities_not_ok" time="0.002" /><testcase classname="tests.test_libad_official_baseline.TestLibadOfficialBaseline" name="test_failed_process_cannot_be_paper_comparable" time="0.003" /><testcase classname="tests.test_libad_official_baseline.TestLibadOfficialBaseline" name="test_laptop_defaults_are_conservative" time="0.002" /><testcase classname="tests.test_libad_official_baseline.TestLibadOfficialBaseline" name="test_official_code_core_match_is_adapted_not_reproduction" time="0.005" /><testcase classname="tests.test_libad_official_baseline.TestLibadOfficialBaseline" name="test_paper_spec_is_vit_s16_not_convnext_base" time="0.002" /><testcase classname="tests.test_libad_official_baseline.TestLibadOfficialBaseline" name="test_run_card_and_access_status_are_serializable" time="3.977" /><testcase classname="tests.test_libad_official_baseline.TestLibadOfficialBaseline" name="test_run_card_honors_paper_spec_resolved_config" time="3.777" /><testcase classname="tests.test_libad_official_baseline.TestLibadOfficialBaseline" name="test_stale_csv_cannot_inflate_without_run_id" time="0.004" /><testcase classname="tests.test_libad_official_code.TestLibadOfficialCode" name="test_fetch_status_does_not_clone" time="0.030" /><testcase classname="tests.test_libad_official_code.TestLibadOfficialCode" name="test_missing_checkout_is_not_present" time="0.003" /><testcase classname="tests.test_libad_official_index.TestLibadOfficialIndex" name="test_index_and_view_use_official_files_only" time="0.010" /><testcase classname="tests.test_libad_official_index.TestLibadOfficialIndex" name="test_unmounted_index_is_empty_not_a_fixture" time="0.292" /><testcase classname="tests.test_libad_protocol.TestLibadProtocol" name="test_default_status_trusts_fingerprint_without_live_hash" time="0.033" /><testcase classname="tests.test_libad_protocol.TestLibadProtocol" name="test_official_local_adapter_summary_never_claims_paper" time="0.004" /><testcase classname="tests.test_libad_protocol.TestLibadProtocol" name="test_tree_hash_skips_preview_cache_dirs" time="0.010" /><testcase classname="tests.test_modbus_loopback.TestModbusLoopback" name="test_reset_and_reject_complete_over_real_tcp_socket" time="0.036" /><testcase classname="tests.test_multi_stage_pipeline.TestMultiStagePipeline" name="test_full_7_stage_pipeline_execution" time="2.046" /><testcase classname="tests.test_multi_stage_pipeline.TestMultiStagePipeline" name="test_reject_without_plc_signal_never_displays_pass_gate_action" time="0.008" /><testcase classname="tests.test_multi_stage_pipeline.TestMultiStagePipeline" name="test_rgb_only_hold_does_not_claim_zero_anomaly" time="0.006" /><testcase classname="tests.test_multi_stage_pipeline.TestMultiStagePipeline" name="test_summary_bounds_numpy_instance_masks_as_json_metadata" time="0.338" /><testcase classname="tests.test_onnx_engine.TestOnnxEngine" name="test_infer_detects_real_coating_crack_sample" time="1.525" /><testcase classname="tests.test_onnx_engine.TestOnnxEngine" name="test_missing_model_is_not_loaded" time="0.002" /><testcase classname="tests.test_onnx_engine.TestOnnxEngine" name="test_model_loads" time="0.105" /><testcase classname="tests.test_onnx_engine.TestOnnxEngine" name="test_nms_and_sigmoid_helpers" time="0.002" /><testcase classname="tests.test_onnx_postprocess.TestONNXPostprocess" name="test_instance_mask_is_cropped_to_detection_box" time="0.005" /><testcase classname="tests.test_onnx_postprocess.TestONNXPostprocess" name="test_output_schema_class_mismatch_is_rejected" time="0.001" /><testcase classname="tests.test_optical_budget.TestOpticalBudget" name="test_optical_budget_high_speed_limit" time="0.001" /><testcase classname="tests.test_optical_budget.TestOpticalBudget" name="test_optical_budget_nominal" time="0.001" /><testcase classname="tests.test_postprocess.TestPostProcess" name="test_extract_defects" time="0.001" /><testcase classname="tests.test_postprocess.TestPostProcess" name="test_grade_coating" time="0.001" /><testcase classname="tests.test_postprocess.TestPostProcess" name="test_grade_violation_cap_does_not_change_total" time="0.001" /><testcase classname="tests.test_postprocess.TestPostProcess" name="test_unknown_defect_class_fails_closed" time="0.001" /><testcase classname="tests.test_predictor.TestPredictor" name="test_container_device_override_forces_cpu" time="0.013" /><testcase classname="tests.test_predictor.TestPredictor" name="test_cpu_override_is_forwarded_to_all_real_engines" time="0.011" /><testcase classname="tests.test_predictor.TestPredictor" name="test_invalid_container_device_override_is_rejected" time="0.007" /><testcase classname="tests.test_predictor.TestPredictor" name="test_model_hash_mismatch_disables_artifact" time="0.014" /><testcase classname="tests.test_predictor.TestPredictor" name="test_onnx_primary_path_on_test_image" time="0.454" /><testcase classname="tests.test_predictor.TestPredictor" name="test_probs_from_detections_mapping" time="0.001" /><testcase classname="tests.test_predictor.TestPredictor" name="test_sensor_fallback_flag_in_result" time="0.420" /><testcase classname="tests.test_production_startup.TestProductionStartup" name="test_missing_api_key_is_fatal" time="3.612" /><testcase classname="tests.test_production_startup.TestProductionStartup" name="test_remote_http_production_cors_is_fatal" time="2.913" /><testcase classname="tests.test_production_startup.TestProductionStartup" name="test_short_production_api_key_is_fatal" time="2.904" /><testcase classname="tests.test_production_startup.TestProductionStartup" name="test_short_production_factory_secret_is_fatal" time="2.969" /><testcase classname="tests.test_production_startup.TestProductionStartup" name="test_wildcard_production_cors_is_fatal" time="2.943" /><testcase classname="tests.test_quality_memory_faults.TestQualityMemoryFaults" name="test_bare_database_filename_is_supported" time="0.044" /><testcase classname="tests.test_quality_memory_faults.TestQualityMemoryFaults" name="test_control_audit_is_durable_and_queryable" time="0.038" /><testcase classname="tests.test_quality_memory_faults.TestQualityMemoryFaults" name="test_control_audit_write_failure_is_reported" time="0.020" /><testcase classname="tests.test_quality_memory_faults.TestQualityMemoryFaults" name="test_corrupt_published_classes_json_does_not_break_recent_query" time="0.033" /><testcase classname="tests.test_quality_memory_faults.TestQualityMemoryFaults" name="test_duplicate_part_identity_is_rejected_transactionally" time="0.029" /><testcase classname="tests.test_quality_memory_faults.TestQualityMemoryFaults" name="test_empty_batch_exposes_complete_zero_counts" time="0.022" /><testcase classname="tests.test_quality_memory_faults.TestQualityMemoryFaults" name="test_hold_is_excluded_from_pass_rate" time="0.034" /><testcase classname="tests.test_quality_memory_faults.TestQualityMemoryFaults" name="test_online_backup_is_readable_and_consistent" time="0.047" /><testcase classname="tests.test_quality_memory_faults.TestQualityMemoryFaults" name="test_path_like_sample_name_is_not_persisted" time="0.027" /><testcase classname="tests.test_quality_memory_faults.TestQualityMemoryFaults" name="test_read_failures_never_return_healthy_defaults" time="0.021" /><testcase classname="tests.test_quality_memory_faults.TestQualityMemoryFaults" name="test_recent_inspection_preserves_model_confidence" time="0.031" /><testcase classname="tests.test_quality_memory_faults.TestQualityMemoryFaults" name="test_recent_inspection_preserves_published_classes" time="0.029" /><testcase classname="tests.test_quality_memory_faults.TestQualityMemoryFaults" name="test_spc_excludes_hold_and_invalid_inspections" time="0.076" /><testcase classname="tests.test_quality_memory_faults.TestQualityMemoryFaults" name="test_write_failure_is_reported" time="0.023" /><testcase classname="tests.test_repository_evidence_artifacts.TestRepositoryEvidenceArtifacts" name="test_agpl_license_notice_and_readme_identity" time="0.006" /><testcase classname="tests.test_repository_evidence_artifacts.TestRepositoryEvidenceArtifacts" name="test_both_readmes_share_the_generated_test_manifest_contract" time="0.002" /><testcase classname="tests.test_repository_evidence_artifacts.TestRepositoryEvidenceArtifacts" name="test_ci_and_compose_keep_security_gates_enabled" time="0.003" /><testcase classname="tests.test_repository_evidence_artifacts.TestRepositoryEvidenceArtifacts" name="test_coatingvision_hold_artifacts_are_fail_closed_and_bounded" time="0.014" /><testcase classname="tests.test_repository_evidence_artifacts.TestRepositoryEvidenceArtifacts" name="test_container_build_uses_cpu_lock_and_excludes_runtime_mounts" time="0.006" /><testcase classname="tests.test_repository_evidence_artifacts.TestRepositoryEvidenceArtifacts" name="test_default_dataset_yaml_is_labelled_synthetic_only" time="0.002" /><testcase classname="tests.test_repository_evidence_artifacts.TestRepositoryEvidenceArtifacts" name="test_defense_slide_generator_does_not_print_forbidden_factory_numbers" time="0.011" /><testcase classname="tests.test_repository_evidence_artifacts.TestRepositoryEvidenceArtifacts" name="test_external_demo_accepts_output_paths_outside_repository" time="0.002" /><testcase classname="tests.test_repository_evidence_artifacts.TestRepositoryEvidenceArtifacts" name="test_four_demo_cases_and_identity_screen_are_consistent" time="0.003" /><testcase classname="tests.test_repository_evidence_artifacts.TestRepositoryEvidenceArtifacts" name="test_libad_artifacts_never_claim_paper_comparability" time="0.014" /><testcase classname="tests.test_repository_evidence_artifacts.TestRepositoryEvidenceArtifacts" name="test_official_defense_pptx_does_not_display_forbidden_factory_numbers" time="0.008" /><testcase classname="tests.test_repository_evidence_artifacts.TestRepositoryEvidenceArtifacts" name="test_pitch_and_slides_match_official_local_adapter_status" time="0.002" /><testcase classname="tests.test_repository_evidence_artifacts.TestRepositoryEvidenceArtifacts" name="test_public_identity_matches_single_source_of_truth" time="0.019" /><testcase classname="tests.test_repository_evidence_artifacts.TestRepositoryEvidenceArtifacts" name="test_real_demo_manifest_hashes_every_checked_in_sample" time="0.040" /><testcase classname="tests.test_repository_evidence_artifacts.TestRepositoryEvidenceArtifacts" name="test_submission_cli_rejects_unknown_arguments_without_building" time="0.002" /><testcase classname="tests.test_repository_evidence_artifacts.TestRepositoryEvidenceArtifacts" name="test_submission_whitelist_carries_authoritative_test_manifest" time="0.006" /><testcase classname="tests.test_repository_evidence_artifacts.TestRepositoryEvidenceArtifacts" name="test_test_manifest_discloses_dirty_source_provenance" time="0.126" /><testcase classname="tests.test_roll_certificate.TestRollCertificate" name="test_certificate_generation_and_cryptographic_verification" time="0.002" /><testcase classname="tests.test_roll_certificate.TestRollCertificate" name="test_markdown_and_dict_export" time="0.002" /><testcase classname="tests.test_roll_certificate.TestRollCertificate" name="test_missing_inspection_counts_never_claims_a_quality_grade" time="0.002" /><testcase classname="tests.test_roll_certificate.TestRollCertificate" name="test_real_delamination_class_never_claims_standards_compliance" time="0.002" /><testcase classname="tests.test_roll_certificate.TestRollCertificate" name="test_unlocalized_defect_is_not_falsely_assigned_to_lane_one" time="0.002" /><testcase classname="tests.test_roll_certificate.TestRollCertificate" name="test_unresolved_hold_never_counts_as_pass" time="0.002" /><testcase classname="tests.test_root_cause_engine.TestRootCauseEngine" name="test_delamination_drying_oven_attribution" time="0.001" /><testcase classname="tests.test_root_cause_engine.TestRootCauseEngine" name="test_hold_does_not_claim_process_in_control" time="0.001" /><testcase classname="tests.test_root_cause_engine.TestRootCauseEngine" name="test_nominal_process_diagnostics" time="0.001" /><testcase classname="tests.test_root_cause_engine.TestRootCauseEngine" name="test_real_detector_class_aliases_are_attributed" time="0.001" /><testcase classname="tests.test_root_cause_engine.TestRootCauseEngine" name="test_scratch_equipment_attribution" time="0.001" /><testcase classname="tests.test_root_cause_engine.TestRootCauseEngine" name="test_void_slurry_mixer_attribution" time="0.001" /><testcase classname="tests.test_safety_contracts.TestSafetyContracts" name="test_certificate_detects_nested_payload_tampering" time="0.001" /><testcase classname="tests.test_safety_contracts.TestSafetyContracts" name="test_certificate_source_is_not_truncated_to_ui_cache" time="0.001" /><testcase classname="tests.test_safety_contracts.TestSafetyContracts" name="test_estop_and_inspection_commands_are_serialized_with_unique_ids" time="0.023" /><testcase classname="tests.test_safety_contracts.TestSafetyContracts" name="test_estop_blocks_later_pass_until_confirmed_reset" time="0.006" /><testcase classname="tests.test_safety_contracts.TestSafetyContracts" name="test_estop_latches_local_state_while_command_owner_is_busy" time="0.003" /><testcase classname="tests.test_safety_contracts.TestSafetyContracts" name="test_inference_deadline_returns_emergency" time="0.017" /><testcase classname="tests.test_safety_contracts.TestSafetyContracts" name="test_modbus_ack_requires_matching_command_sequence" time="0.001" /><testcase classname="tests.test_safety_contracts.TestSafetyContracts" name="test_modbus_exception_response_is_not_acknowledged" time="0.002" /><testcase classname="tests.test_safety_contracts.TestSafetyContracts" name="test_modbus_rejects_stale_ack_sequence_before_writing_outputs" time="0.002" /><testcase classname="tests.test_safety_contracts.TestSafetyContracts" name="test_production_plc_failure_holds_part_without_ack" time="0.001" /><testcase classname="tests.test_safety_contracts.TestSafetyContracts" name="test_runtime_model_failure_cannot_recover_to_decision_state" time="0.003" /><testcase classname="tests.test_safety_contracts.TestSafetyContracts" name="test_safety_failure_latches_hold_even_in_mock_mode" time="0.004" /><testcase classname="tests.test_safety_contracts.TestSafetyContracts" name="test_unready_transport_fails_before_any_network_write" time="0.001" /><testcase classname="tests.test_sensor_fusion.TestSensorFusion" name="test_fuse_matches_arbitrary_rgb_size" time="0.079" /><testcase classname="tests.test_sensor_fusion.TestSensorFusion" name="test_sensor_fusion_alignment" time="0.002" /><testcase classname="tests.test_sensor_fusion.TestSensorFusion" name="test_sensor_fusion_fuse" time="0.007" /><testcase classname="tests.test_sensor_fusion.TestSensorFusion" name="test_sensor_status_degradation" time="0.002" /><testcase classname="tests.test_spc_spatial_diagnostics.TestSPCSpatialDiagnostics" name="test_digital_battery_passport_generation" time="0.002" /><testcase classname="tests.test_spc_spatial_diagnostics.TestSPCSpatialDiagnostics" name="test_lane_spc_cpk_grading" time="0.002" /><testcase classname="tests.test_spc_spatial_diagnostics.TestSPCSpatialDiagnostics" name="test_slitting_yield_optimization" time="0.002" /><testcase classname="tests.test_spc_spatial_diagnostics.TestSPCSpatialDiagnostics" name="test_spatial_fft_periodic_roller_detection" time="0.114" /><testcase classname="tests.test_web_synchronizer.TestWebSynchronizerRefactored" name="test_coordinate_validation_bounds" time="0.002" /><testcase classname="tests.test_web_synchronizer.TestWebSynchronizerRefactored" name="test_lifetime_counters_vs_bounded_cache" time="0.002" /><testcase classname="tests.test_web_synchronizer.TestWebSynchronizerRefactored" name="test_quadrature_gray_code_transitions" time="0.001" /><testcase classname="tests.test_web_synchronizer.TestWebSynchronizerRefactored" name="test_roll_ledger_capacity_fails_closed" time="0.001" /><testcase classname="tests.test_web_synchronizer.TestWebSynchronizerRefactored" name="test_roll_lifecycle_state_transitions" time="0.002" /><testcase classname="tests.test_web_synchronizer.TestWebSynchronizerRefactored" name="test_temporal_frame_context_defect_mapping" time="0.002" /><testcase classname="tests.test_web_synchronizer.TestWebSynchronizerRefactored" name="test_unverified_coordinates_retain_detection_without_fabricating_position" time="0.002" /><testcase classname="tests.test_zip_safe_coatingvision_real_test.TestZipSafeCoatingVisionAndDinov2Packing" name="test_builder_packs_zip_safe_test_and_excludes_full_detect_train" time="0.007" /><testcase classname="tests.test_zip_safe_coatingvision_real_test.TestZipSafeCoatingVisionAndDinov2Packing" name="test_coatingvision_real_test_has_88_labels_and_honest_readme" time="0.006" /><testcase classname="tests.test_zip_safe_coatingvision_real_test.TestZipSafeCoatingVisionAndDinov2Packing" name="test_dinov2_interim_source_csv_is_relative_and_packed" time="0.002" /><testcase classname="tests.test_zip_safe_coatingvision_real_test.TestZipSafeCoatingVisionAndDinov2Packing" name="test_evaluate_script_prefers_zip_safe_root" time="0.007" /></testsuite></testsuites>